Sun Nov 24 01:40:15 2013
2/09/14 UA32 LAX 11:05 NRT 16:00+1 788 R00
2/09/14 UA837 SFO 11:00 NRT 15:10+1 744 R00
2/09/14 UA139 DEN 12:20 NRT 16:35+1 788 R00
7/03/14 UA760 SFO 10:50 JFK 19:33 752 I00
7/03/14 UA637 SFO 12:50 JFK 21:25 752 I00
7/06/14 UA303 JFK 06:00 SFO 09:20 752 I00
7/06/14 UA397 JFK 08:00 SFO 11:21 752 I00
7/06/14 UA642 JFK 10:25 SFO 13:52 752 I00
7/06/14 UA766 JFK 12:00 SFO 15:38 752 I00
7/06/14 UA389 JFK 18:30 SFO 22:12 752 I00
7/06/14 UA257 JFK 15:30 SFO 19:08 752 I00
7/06/14 UA512 JFK 17:00 SFO 20:43 752 I00
Sun Nov 24 01:41:02 2013
2/09/14 UA32 LAX 11:05 NRT 16:00+1 788 R00
2/09/14 UA837 SFO 11:00 NRT 15:10+1 744 R00
2/09/14 UA139 DEN 12:20 NRT 16:35+1 788 R00
7/03/14 UA760 SFO 10:50 JFK 19:33 752 I00
7/03/14 UA637 SFO 12:50 JFK 21:25 752 I00
7/06/14 UA303 JFK 06:00 SFO 09:20 752 I00
7/06/14 UA397 JFK 08:00 SFO 11:21 752 I00
7/06/14 UA642 JFK 10:25 SFO 13:52 752 I00
7/06/14 UA766 JFK 12:00 SFO 15:38 752 I00
7/06/14 UA389 JFK 18:30 SFO 22:12 752 I00
7/06/14 UA257 JFK 15:30 SFO 19:08 752 I00
7/06/14 UA512 JFK 17:00 SFO 20:43 752 I00
Sun Nov 24 01:41:47 2013
2/09/14 UA32 LAX 11:05 NRT 16:00+1 788 R00
2/09/14 UA837 SFO 11:00 NRT 15:10+1 744 R00
2/09/14 UA139 DEN 12:20 NRT 16:35+1 788 R00
7/03/14 UA760 SFO 10:50 JFK 19:33 752 I00
7/03/14 UA637 SFO 12:50 JFK 21:25 752 I00
7/06/14 UA303 JFK 06:00 SFO 09:20 752 I00
7/06/14 UA397 JFK 08:00 SFO 11:21 752 I00
7/06/14 UA642 JFK 10:25 SFO 13:52 752 I00
7/06/14 UA766 JFK 12:00 SFO 15:38 752 I00
7/06/14 UA389 JFK 18:30 SFO 22:12 752 I00
7/06/14 UA257 JFK 15:30 SFO 19:08 752 I00
7/06/14 UA512 JFK 17:00 SFO 20:43 752 I00
Sun Nov 24 01:42:15 2013
2/09/14 UA32 LAX 11:05 NRT 16:00+1 788 R00
2/09/14 UA837 SFO 11:00 NRT 15:10+1 744 R00
2/09/14 UA139 DEN 12:20 NRT 16:35+1 788 R00
7/03/14 UA760 SFO 10:50 JFK 19:33 752 I00
7/03/14 UA637 SFO 12:50 JFK 21:25 752 I00
7/06/14 UA303 JFK 06:00 SFO 09:20 752 I00
7/06/14 UA397 JFK 08:00 SFO 11:21 752 I00
7/06/14 UA642 JFK 10:25 SFO 13:52 752 I00
7/06/14 UA766 JFK 12:00 SFO 15:38 752 I00
7/06/14 UA389 JFK 18:30 SFO 22:12 752 I00
7/06/14 UA257 JFK 15:30 SFO 19:08 752 I00
7/06/14 UA512 JFK 17:00 SFO 20:43 752 I00
